<?xml version="1.0" encoding="UTF-8"?>
<testsuite xmlns:xsi="http://www.w3.org/2001/XMLSchema-instance" xsi:noNamespaceSchemaLocation="https://maven.apache.org/surefire/maven-surefire-plugin/xsd/surefire-test-report-3.0.xsd" version="3.0" name="nl.rocnijmegen.testing.AppIntegrationTest" time="0.113" tests="3" errors="0" skipped="0" failures="0">
  <properties>
    <property name="java.specification.version" value="17"/>
    <property name="sun.cpu.isalist" value="amd64"/>
    <property name="sun.jnu.encoding" value="Cp1252"/>
    <property name="java.class.path" value="C:\Users\bjoreno\OneDrive - ROC Nijmegen\Documenten\Leerjaar 4 Periode 1\testen\Hypotheekmaatje\hypotheektool\target\test-classes;C:\Users\bjoreno\OneDrive - ROC Nijmegen\Documenten\Leerjaar 4 Periode 1\testen\Hypotheekmaatje\hypotheektool\target\classes;C:\Users\bjoreno\.m2\repository\org\junit\jupiter\junit-jupiter-api\5.11.0\junit-jupiter-api-5.11.0.jar;C:\Users\bjoreno\.m2\repository\org\opentest4j\opentest4j\1.3.0\opentest4j-1.3.0.jar;C:\Users\bjoreno\.m2\repository\org\junit\platform\junit-platform-commons\1.11.0\junit-platform-commons-1.11.0.jar;C:\Users\bjoreno\.m2\repository\org\apiguardian\apiguardian-api\1.1.2\apiguardian-api-1.1.2.jar;C:\Users\bjoreno\.m2\repository\org\junit\jupiter\junit-jupiter-engine\5.11.0\junit-jupiter-engine-5.11.0.jar;C:\Users\bjoreno\.m2\repository\org\junit\platform\junit-platform-engine\1.11.0\junit-platform-engine-1.11.0.jar;C:\Users\bjoreno\.m2\repository\org\junit\jupiter\junit-jupiter-params\5.11.0\junit-jupiter-params-5.11.0.jar;C:\Users\bjoreno\.m2\repository\org\mockito\mockito-core\5.0.0\mockito-core-5.0.0.jar;C:\Users\bjoreno\.m2\repository\net\bytebuddy\byte-buddy\1.12.22\byte-buddy-1.12.22.jar;C:\Users\bjoreno\.m2\repository\net\bytebuddy\byte-buddy-agent\1.12.22\byte-buddy-agent-1.12.22.jar;C:\Users\bjoreno\.m2\repository\org\objenesis\objenesis\3.3\objenesis-3.3.jar;C:\Users\bjoreno\.m2\repository\org\mockito\mockito-junit-jupiter\5.0.0\mockito-junit-jupiter-5.0.0.jar;"/>
    <property name="java.vm.vendor" value="Oracle Corporation"/>
    <property name="sun.arch.data.model" value="64"/>
    <property name="user.variant" value=""/>
    <property name="java.vendor.url" value="https://java.oracle.com/"/>
    <property name="user.timezone" value="Europe/Amsterdam"/>
    <property name="user.country.format" value="NL"/>
    <property name="os.name" value="Windows 10"/>
    <property name="java.vm.specification.version" value="17"/>
    <property name="sun.java.launcher" value="SUN_STANDARD"/>
    <property name="user.country" value="US"/>
    <property name="sun.boot.library.path" value="C:\Program Files\Java\jdk-17.0.1\bin"/>
    <property name="sun.java.command" value="C:\Users\bjoreno\AppData\Local\Temp\surefire10607086156970269288\surefirebooter1735539977245965650.jar C:\Users\bjoreno\AppData\Local\Temp\surefire10607086156970269288 2024-10-25T13-47-45_649-jvmRun1 surefire10425078367852452802tmp surefire_017554015441680457236tmp"/>
    <property name="jdk.debug" value="release"/>
    <property name="surefire.test.class.path" value="C:\Users\bjoreno\OneDrive - ROC Nijmegen\Documenten\Leerjaar 4 Periode 1\testen\Hypotheekmaatje\hypotheektool\target\test-classes;C:\Users\bjoreno\OneDrive - ROC Nijmegen\Documenten\Leerjaar 4 Periode 1\testen\Hypotheekmaatje\hypotheektool\target\classes;C:\Users\bjoreno\.m2\repository\org\junit\jupiter\junit-jupiter-api\5.11.0\junit-jupiter-api-5.11.0.jar;C:\Users\bjoreno\.m2\repository\org\opentest4j\opentest4j\1.3.0\opentest4j-1.3.0.jar;C:\Users\bjoreno\.m2\repository\org\junit\platform\junit-platform-commons\1.11.0\junit-platform-commons-1.11.0.jar;C:\Users\bjoreno\.m2\repository\org\apiguardian\apiguardian-api\1.1.2\apiguardian-api-1.1.2.jar;C:\Users\bjoreno\.m2\repository\org\junit\jupiter\junit-jupiter-engine\5.11.0\junit-jupiter-engine-5.11.0.jar;C:\Users\bjoreno\.m2\repository\org\junit\platform\junit-platform-engine\1.11.0\junit-platform-engine-1.11.0.jar;C:\Users\bjoreno\.m2\repository\org\junit\jupiter\junit-jupiter-params\5.11.0\junit-jupiter-params-5.11.0.jar;C:\Users\bjoreno\.m2\repository\org\mockito\mockito-core\5.0.0\mockito-core-5.0.0.jar;C:\Users\bjoreno\.m2\repository\net\bytebuddy\byte-buddy\1.12.22\byte-buddy-1.12.22.jar;C:\Users\bjoreno\.m2\repository\net\bytebuddy\byte-buddy-agent\1.12.22\byte-buddy-agent-1.12.22.jar;C:\Users\bjoreno\.m2\repository\org\objenesis\objenesis\3.3\objenesis-3.3.jar;C:\Users\bjoreno\.m2\repository\org\mockito\mockito-junit-jupiter\5.0.0\mockito-junit-jupiter-5.0.0.jar;"/>
    <property name="sun.cpu.endian" value="little"/>
    <property name="user.home" value="C:\Users\bjoreno"/>
    <property name="user.language" value="en"/>
    <property name="java.specification.vendor" value="Oracle Corporation"/>
    <property name="java.version.date" value="2021-10-19"/>
    <property name="java.home" value="C:\Program Files\Java\jdk-17.0.1"/>
    <property name="file.separator" value="\"/>
    <property name="basedir" value="C:\Users\bjoreno\OneDrive - ROC Nijmegen\Documenten\Leerjaar 4 Periode 1\testen\Hypotheekmaatje\hypotheektool"/>
    <property name="java.vm.compressedOopsMode" value="32-bit"/>
    <property name="line.separator" value="&#10;"/>
    <property name="java.vm.specification.vendor" value="Oracle Corporation"/>
    <property name="java.specification.name" value="Java Platform API Specification"/>
    <property name="surefire.real.class.path" value="C:\Users\bjoreno\AppData\Local\Temp\surefire10607086156970269288\surefirebooter1735539977245965650.jar"/>
    <property name="user.script" value=""/>
    <property name="sun.management.compiler" value="HotSpot 64-Bit Tiered Compilers"/>
    <property name="java.runtime.version" value="17.0.1+12-LTS-39"/>
    <property name="user.name" value="bjoreno"/>
    <property name="path.separator" value=";"/>
    <property name="os.version" value="10.0"/>
    <property name="java.runtime.name" value="Java(TM) SE Runtime Environment"/>
    <property name="file.encoding" value="UTF-8"/>
    <property name="java.vm.name" value="Java HotSpot(TM) 64-Bit Server VM"/>
    <property name="localRepository" value="C:\Users\bjoreno\.m2\repository"/>
    <property name="java.vendor.url.bug" value="https://bugreport.java.com/bugreport/"/>
    <property name="java.io.tmpdir" value="C:\Users\bjoreno\AppData\Local\Temp\"/>
    <property name="java.version" value="17.0.1"/>
    <property name="user.dir" value="C:\Users\bjoreno\OneDrive - ROC Nijmegen\Documenten\Leerjaar 4 Periode 1\testen\Hypotheekmaatje\hypotheektool"/>
    <property name="os.arch" value="amd64"/>
    <property name="java.vm.specification.name" value="Java Virtual Machine Specification"/>
    <property name="sun.os.patch.level" value=""/>
    <property name="native.encoding" value="UTF-8"/>
    <property name="java.library.path" value="C:\Program Files\Java\jdk-17.0.1\bin;C:\WINDOWS\Sun\Java\bin;C:\WINDOWS\system32;C:\WINDOWS;C:\xampp\php;C:\Program Files\PlasticSCM5\server;C:\Program Files\PlasticSCM5\client;C:\Program Files\Common Files\Oracle\Java\javapath;C:\Windows\system32;C:\Windows;C:\Windows\System32\Wbem;C:\Windows\System32\WindowsPowerShell\v1.0\;C:\Windows\System32\OpenSSH\;C:\Program Files (x86)\NVIDIA Corporation\PhysX\Common;C:\Program Files\NVIDIA Corporation\NVIDIA NvDLISR;C:\WINDOWS\system32;C:\WINDOWS;C:\WINDOWS\System32\Wbem;C:\WINDOWS\System32\WindowsPowerShell\v1.0\;C:\WINDOWS\System32\OpenSSH\;C:\Program Files\Microsoft SQL Server\150\Tools\Binn\;C:\Program Files\nodejs\;C:\Program Files\Docker\Docker\resources\bin;C:\xampp\php;C:\ProgramData\ComposerSetup\bin;C:\Program Files (x86)\dotnet\;C:\Program Files\Microsoft SQL Server\130\Tools\Binn\;C:\Program Files\Microsoft SQL Server\Client SDK\ODBC\170\Tools\Binn\;C:\Program Files\dotnet\;C:\Program Files\Git\cmd;C:\WINDOWS\system32;C:\WINDOWS;C:\WINDOWS\System32\Wbem;C:\WINDOWS\System32\WindowsPowerShell\v1.0\;C:\WINDOWS\System32\OpenSSH\;C:\php\php8.3;C:\Program Files (x86)\dotnet;C:\Program Files\dotnet;C:\Program Files\Common Files\Oracle\Java\javapath;C:\Program Files (x86)\Common Files\Oracle\Java\javapath;C:\Windows\system32;C:\Windows;C:\Windows\System32\Wbem;C:\Windows\System32\WindowsPowerShell\v1.0\;C:\Windows\System32\OpenSSH\;C:\Program Files (x86)\NVIDIA Corporation\PhysX\Common;C:\Program Files\NVIDIA Corporation\NVIDIA NvDLISR;C:\WINDOWS\system32;C:\WINDOWS;C:\WINDOWS\System32\Wbem;C:\WINDOWS\System32\WindowsPowerShell\v1.0\;C:\WINDOWS\System32\OpenSSH\;C:\Users\bjoreno\AppData\Local\Microsoft\WindowsApps;C:\Users\bjoreno\AppData\Local\Programs\Microsoft VS Code\bin;C:\Users\bjoreno\AppData\Local\GitHubDesktop\bin;C:\Users\bjoreno\AppData\Local\Programs\Python\Python39\Scripts;C:\Users\bjoreno\AppData\Roaming\npm;C:\Users\bjoreno\AppData\Roaming\Composer\vendor\bin;C:\Users\bjoreno\.dotnet\tools;C:\Users\bjoreno\AppData\Local\Microsoft\WindowsApps;C:\maven\apache-maven-3.9.9\bin;;."/>
    <property name="java.vm.info" value="mixed mode, sharing"/>
    <property name="java.vendor" value="Oracle Corporation"/>
    <property name="java.vm.version" value="17.0.1+12-LTS-39"/>
    <property name="sun.io.unicode.encoding" value="UnicodeLittle"/>
    <property name="java.class.version" value="61.0"/>
  </properties>
  <testcase name="testGeblokkeerdePostcodeFout" classname="nl.rocnijmegen.testing.AppIntegrationTest" time="0.048">
    <system-out><![CDATA[Voer uw maandinkomen in:
Heeft u een partner? (ja/nee):
Voer het maandinkomen van uw partner in:
Heeft u een studieschuld? (ja/nee):
Voer uw leeftijd in:
Voer uw postcode in:
Uw postcode komt niet in aanmerking voor een hypotheek vanwege aardbevingsrisico's.
]]></system-out>
  </testcase>
  <testcase name="testBerekenLeningMetPartner" classname="nl.rocnijmegen.testing.AppIntegrationTest" time="0.018">
    <system-out><![CDATA[Voer uw maandinkomen in:
Heeft u een partner? (ja/nee):
Voer het maandinkomen van uw partner in:
Heeft u een studieschuld? (ja/nee):
Voer uw leeftijd in:
Voer uw postcode in:
Kies een rentevaste periode (1, 5, 10, 20, 30 jaar):
Het maximaal te lenen bedrag is: €18000,00
De maandlasten zijn: €177,99
De totale betaling na 10 jaar is: €21359,35
]]></system-out>
  </testcase>
  <testcase name="testBerekenLeningZonderPartner" classname="nl.rocnijmegen.testing.AppIntegrationTest" time="0.007">
    <system-out><![CDATA[Voer uw maandinkomen in:
Heeft u een partner? (ja/nee):
Heeft u een studieschuld? (ja/nee):
Voer uw leeftijd in:
Voer uw postcode in:
Kies een rentevaste periode (1, 5, 10, 20, 30 jaar):
Het maximaal te lenen bedrag is: €9000,00
De maandlasten zijn: €89,00
De totale betaling na 10 jaar is: €10679,67
]]></system-out>
  </testcase>
</testsuite>